# JRE version: OpenJDK Runtime Environment (8.0_242-b01) (build 1.8.0_242-release-1644-b01)
# Java VM: OpenJDK 64-Bit Server VM (25.242-b01 mixed mode windows-amd64 compressed oops)
Heap:
 PSYoungGen      total 231936K, used 113451K [0x00000000d5580000, 0x00000000e7200000, 0x0000000100000000)
  eden space 208384K, 43% used [0x00000000d5580000,0x00000000dad4ea90,0x00000000e2100000)
  from space 23552K, 99% used [0x00000000e4280000,0x00000000e597c458,0x00000000e5980000)
  to   space 34304K, 0% used [0x00000000e2100000,0x00000000e2100000,0x00000000e4280000)
 ParOldGen       total 79360K, used 61209K [0x0000000080000000, 0x0000000084d80000, 0x00000000d5580000)
  object space 79360K, 77% used [0x0000000080000000,0x0000000083bc65d8,0x0000000084d80000)
 Metaspace       used 86072K, capacity 90378K, committed 90584K, reserved 1128448K
  class space    used 11548K, capacity 12458K, committed 12544K, reserved 1048576K
GC Heap History (10 events):
Event: 23.429 GC heap before
{Heap before GC invocations=17 (full 2):
 PSYoungGen      total 163328K, used 102121K [0x00000000d5580000, 0x00000000e0b00000, 0x0000000100000000)
  eden space 152064K, 59% used [0x00000000d5580000,0x00000000dae3a770,0x00000000dea00000)
  from space 11264K, 99% used [0x00000000df980000,0x00000000e047fea0,0x00000000e0480000)
  to   space 15872K, 0% used [0x00000000dea00000,0x00000000dea00000,0x00000000df980000)
 ParOldGen       total 45568K, used 20934K [0x0000000080000000, 0x0000000082c80000, 0x00000000d5580000)
  object space 45568K, 45% used [0x0000000080000000,0x00000000814718d8,0x0000000082c80000)
 Metaspace       used 56510K, capacity 58928K, committed 59028K, reserved 1099776K
  class space    used 7690K, capacity 8167K, committed 8192K, reserved 1048576K
Event: 23.480 GC heap after
Heap after GC invocations=17 (full 2):
 PSYoungGen      total 167936K, used 11531K [0x00000000d5580000, 0x00000000e3c80000, 0x0000000100000000)
  eden space 152064K, 0% used [0x00000000d5580000,0x00000000d5580000,0x00000000dea00000)
  from space 15872K, 72% used [0x00000000dea00000,0x00000000df542cf0,0x00000000df980000)
  to   space 16896K, 0% used [0x00000000e2c00000,0x00000000e2c00000,0x00000000e3c80000)
 ParOldGen       total 45568K, used 27413K [0x0000000080000000, 0x0000000082c80000, 0x00000000d5580000)
  object space 45568K, 60% used [0x0000000080000000,0x0000000081ac55c8,0x0000000082c80000)
 Metaspace       used 56510K, capacity 58928K, committed 59028K, reserved 1099776K
  class space    used 7690K, capacity 8167K, committed 8192K, reserved 1048576K
}
Event: 23.480 GC heap before
{Heap before GC invocations=18 (full 3):
 PSYoungGen      total 167936K, used 11531K [0x00000000d5580000, 0x00000000e3c80000, 0x0000000100000000)
  eden space 152064K, 0% used [0x00000000d5580000,0x00000000d5580000,0x00000000dea00000)
  from space 15872K, 72% used [0x00000000dea00000,0x00000000df542cf0,0x00000000df980000)
  to   space 16896K, 0% used [0x00000000e2c00000,0x00000000e2c00000,0x00000000e3c80000)
 ParOldGen       total 45568K, used 27413K [0x0000000080000000, 0x0000000082c80000, 0x00000000d5580000)
  object space 45568K, 60% used [0x0000000080000000,0x0000000081ac55c8,0x0000000082c80000)
 Metaspace       used 56510K, capacity 58928K, committed 59028K, reserved 1099776K
  class space    used 7690K, capacity 8167K, committed 8192K, reserved 1048576K
Event: 23.871 GC heap after
Heap after GC invocations=18 (full 3):
 PSYoungGen      total 167936K, used 0K [0x00000000d5580000, 0x00000000e3c80000, 0x0000000100000000)
  eden space 152064K, 0% used [0x00000000d5580000,0x00000000d5580000,0x00000000dea00000)
  from space 15872K, 0% used [0x00000000dea00000,0x00000000dea00000,0x00000000df980000)
  to   space 16896K, 0% used [0x00000000e2c00000,0x00000000e2c00000,0x00000000e3c80000)
 ParOldGen       total 79360K, used 35347K [0x0000000080000000, 0x0000000084d80000, 0x00000000d5580000)
  object space 79360K, 44% used [0x0000000080000000,0x0000000082284fb8,0x0000000084d80000)
 Metaspace       used 56498K, capacity 58886K, committed 59028K, reserved 1099776K
  class space    used 7686K, capacity 8160K, committed 8192K, reserved 1048576K
}
Event: 28.466 GC heap before
{Heap before GC invocations=19 (full 3):
 PSYoungGen      total 167936K, used 152064K [0x00000000d5580000, 0x00000000e3c80000, 0x0000000100000000)
  eden space 152064K, 100% used [0x00000000d5580000,0x00000000dea00000,0x00000000dea00000)
  from space 15872K, 0% used [0x00000000dea00000,0x00000000dea00000,0x00000000df980000)
  to   space 16896K, 0% used [0x00000000e2c00000,0x00000000e2c00000,0x00000000e3c80000)
 ParOldGen       total 79360K, used 35347K [0x0000000080000000, 0x0000000084d80000, 0x00000000d5580000)
  object space 79360K, 44% used [0x0000000080000000,0x0000000082284fb8,0x0000000084d80000)
 Metaspace       used 64731K, capacity 67662K, committed 67928K, reserved 1107968K
  class space    used 8945K, capacity 9515K, committed 9600K, reserved 1048576K
Event: 28.512 GC heap after
Heap after GC invocations=19 (full 3):
 PSYoungGen      total 202240K, used 12304K [0x00000000d5580000, 0x00000000e3880000, 0x0000000100000000)
  eden space 189440K, 0% used [0x00000000d5580000,0x00000000d5580000,0x00000000e0e80000)
  from space 12800K, 96% used [0x00000000e2c00000,0x00000000e3804198,0x00000000e3880000)
  to   space 17920K, 0% used [0x00000000e1580000,0x00000000e1580000,0x00000000e2700000)
 ParOldGen       total 79360K, used 35355K [0x0000000080000000, 0x0000000084d80000, 0x00000000d5580000)
  object space 79360K, 44% used [0x0000000080000000,0x0000000082286fb8,0x0000000084d80000)
 Metaspace       used 64731K, capacity 67662K, committed 67928K, reserved 1107968K
  class space    used 8945K, capacity 9515K, committed 9600K, reserved 1048576K
}
Event: 35.258 GC heap before
{Heap before GC invocations=20 (full 3):
 PSYoungGen      total 202240K, used 201744K [0x00000000d5580000, 0x00000000e3880000, 0x0000000100000000)
  eden space 189440K, 100% used [0x00000000d5580000,0x00000000e0e80000,0x00000000e0e80000)
  from space 12800K, 96% used [0x00000000e2c00000,0x00000000e3804198,0x00000000e3880000)
  to   space 17920K, 0% used [0x00000000e1580000,0x00000000e1580000,0x00000000e2700000)
 ParOldGen       total 79360K, used 35355K [0x0000000080000000, 0x0000000084d80000, 0x00000000d5580000)
  object space 79360K, 44% used [0x0000000080000000,0x0000000082286fb8,0x0000000084d80000)
 Metaspace       used 75897K, capacity 79686K, committed 79960K, reserved 1118208K
  class space    used 10483K, capacity 11280K, committed 11392K, reserved 1048576K
Event: 35.343 GC heap after
Heap after GC invocations=20 (full 3):
 PSYoungGen      total 214528K, used 17896K [0x00000000d5580000, 0x00000000e5980000, 0x0000000100000000)
  eden space 196608K, 0% used [0x00000000d5580000,0x00000000d5580000,0x00000000e1580000)
  from space 17920K, 99% used [0x00000000e1580000,0x00000000e26fa150,0x00000000e2700000)
  to   space 23552K, 0% used [0x00000000e4280000,0x00000000e4280000,0x00000000e5980000)
 ParOldGen       total 79360K, used 43315K [0x0000000080000000, 0x0000000084d80000, 0x00000000d5580000)
  object space 79360K, 54% used [0x0000000080000000,0x0000000082a4cf30,0x0000000084d80000)
 Metaspace       used 75897K, capacity 79686K, committed 79960K, reserved 1118208K
  class space    used 10483K, capacity 11280K, committed 11392K, reserved 1048576K
}
Event: 2140.531 GC heap before
{Heap before GC invocations=21 (full 3):
 PSYoungGen      total 214528K, used 214504K [0x00000000d5580000, 0x00000000e5980000, 0x0000000100000000)
  eden space 196608K, 100% used [0x00000000d5580000,0x00000000e1580000,0x00000000e1580000)
  from space 17920K, 99% used [0x00000000e1580000,0x00000000e26fa150,0x00000000e2700000)
  to   space 23552K, 0% used [0x00000000e4280000,0x00000000e4280000,0x00000000e5980000)
 ParOldGen       total 79360K, used 43315K [0x0000000080000000, 0x0000000084d80000, 0x00000000d5580000)
  object space 79360K, 54% used [0x0000000080000000,0x0000000082a4cf30,0x0000000084d80000)
 Metaspace       used 82035K, capacity 86152K, committed 86488K, reserved 1124352K
  class space    used 11032K, capacity 11919K, committed 12032K, reserved 1048576K
Event: 2142.669 GC heap after
Heap after GC invocations=21 (full 3):
 PSYoungGen      total 231936K, used 23537K [0x00000000d5580000, 0x00000000e7200000, 0x0000000100000000)
  eden space 208384K, 0% used [0x00000000d5580000,0x00000000d5580000,0x00000000e2100000)
  from space 23552K, 99% used [0x00000000e4280000,0x00000000e597c458,0x00000000e5980000)
  to   space 34304K, 0% used [0x00000000e2100000,0x00000000e2100000,0x00000000e4280000)
 ParOldGen       total 79360K, used 61209K [0x0000000080000000, 0x0000000084d80000, 0x00000000d5580000)
  object space 79360K, 77% used [0x0000000080000000,0x0000000083bc65d8,0x0000000084d80000)
 Metaspace       used 82035K, capacity 86152K, committed 86488K, reserved 1124352K
  class space    used 11032K, capacity 11919K, committed 12032K, reserved 1048576K
}

